<?xml version="1.0" encoding="UTF-8"?>
<testsuite xmlns:xsi="http://www.w3.org/2001/XMLSchema-instance" xsi:noNamespaceSchemaLocation="https://maven.apache.org/surefire/maven-surefire-plugin/xsd/surefire-test-report.xsd" name="Users should be able to login" time="140.567" tests="3" errors="0" skipped="0" failures="2">
  <properties>
    <property name="sun.desktop" value="windows"/>
    <property name="awt.toolkit" value="sun.awt.windows.WToolkit"/>
    <property name="java.specification.version" value="12"/>
    <property name="sun.cpu.isalist" value="amd64"/>
    <property name="sun.jnu.encoding" value="Cp1254"/>
    <property name="java.class.path" value="C:\Users\win8\IdeaProjects\summer-2019-europa-cucumber-seleniım\target\test-classes;C:\Users\win8\IdeaProjects\summer-2019-europa-cucumber-seleniım\target\classes;C:\Users\win8\.m2\repository\org\seleniumhq\selenium\selenium-java\3.141.59\selenium-java-3.141.59.jar;C:\Users\win8\.m2\repository\org\seleniumhq\selenium\selenium-api\3.141.59\selenium-api-3.141.59.jar;C:\Users\win8\.m2\repository\org\seleniumhq\selenium\selenium-chrome-driver\3.141.59\selenium-chrome-driver-3.141.59.jar;C:\Users\win8\.m2\repository\org\seleniumhq\selenium\selenium-edge-driver\3.141.59\selenium-edge-driver-3.141.59.jar;C:\Users\win8\.m2\repository\org\seleniumhq\selenium\selenium-firefox-driver\3.141.59\selenium-firefox-driver-3.141.59.jar;C:\Users\win8\.m2\repository\org\seleniumhq\selenium\selenium-ie-driver\3.141.59\selenium-ie-driver-3.141.59.jar;C:\Users\win8\.m2\repository\org\seleniumhq\selenium\selenium-opera-driver\3.141.59\selenium-opera-driver-3.141.59.jar;C:\Users\win8\.m2\repository\org\seleniumhq\selenium\selenium-remote-driver\3.141.59\selenium-remote-driver-3.141.59.jar;C:\Users\win8\.m2\repository\org\seleniumhq\selenium\selenium-safari-driver\3.141.59\selenium-safari-driver-3.141.59.jar;C:\Users\win8\.m2\repository\org\seleniumhq\selenium\selenium-support\3.141.59\selenium-support-3.141.59.jar;C:\Users\win8\.m2\repository\net\bytebuddy\byte-buddy\1.8.15\byte-buddy-1.8.15.jar;C:\Users\win8\.m2\repository\org\apache\commons\commons-exec\1.3\commons-exec-1.3.jar;C:\Users\win8\.m2\repository\com\google\guava\guava\25.0-jre\guava-25.0-jre.jar;C:\Users\win8\.m2\repository\com\google\code\findbugs\jsr305\1.3.9\jsr305-1.3.9.jar;C:\Users\win8\.m2\repository\org\checkerframework\checker-compat-qual\2.0.0\checker-compat-qual-2.0.0.jar;C:\Users\win8\.m2\repository\com\google\errorprone\error_prone_annotations\2.1.3\error_prone_annotations-2.1.3.jar;C:\Users\win8\.m2\repository\com\google\j2objc\j2objc-annotations\1.1\j2objc-annotations-1.1.jar;C:\Users\win8\.m2\repository\org\codehaus\mojo\animal-sniffer-annotations\1.14\animal-sniffer-annotations-1.14.jar;C:\Users\win8\.m2\repository\com\squareup\okhttp3\okhttp\3.11.0\okhttp-3.11.0.jar;C:\Users\win8\.m2\repository\com\squareup\okio\okio\1.14.0\okio-1.14.0.jar;C:\Users\win8\.m2\repository\io\github\bonigarcia\webdrivermanager\3.8.0\webdrivermanager-3.8.0.jar;C:\Users\win8\.m2\repository\org\slf4j\slf4j-api\1.7.25\slf4j-api-1.7.25.jar;C:\Users\win8\.m2\repository\commons-io\commons-io\2.6\commons-io-2.6.jar;C:\Users\win8\.m2\repository\com\google\code\gson\gson\2.8.5\gson-2.8.5.jar;C:\Users\win8\.m2\repository\org\apache\commons\commons-lang3\3.8.1\commons-lang3-3.8.1.jar;C:\Users\win8\.m2\repository\org\apache\httpcomponents\httpclient\4.5.6\httpclient-4.5.6.jar;C:\Users\win8\.m2\repository\org\apache\httpcomponents\httpcore\4.4.10\httpcore-4.4.10.jar;C:\Users\win8\.m2\repository\commons-logging\commons-logging\1.2\commons-logging-1.2.jar;C:\Users\win8\.m2\repository\commons-codec\commons-codec\1.10\commons-codec-1.10.jar;C:\Users\win8\.m2\repository\org\rauschig\jarchivelib\1.0.0\jarchivelib-1.0.0.jar;C:\Users\win8\.m2\repository\org\apache\commons\commons-compress\1.18\commons-compress-1.18.jar;C:\Users\win8\.m2\repository\org\jsoup\jsoup\1.11.3\jsoup-1.11.3.jar;C:\Users\win8\.m2\repository\io\cucumber\cucumber-junit\4.8.1\cucumber-junit-4.8.1.jar;C:\Users\win8\.m2\repository\org\apiguardian\apiguardian-api\1.1.0\apiguardian-api-1.1.0.jar;C:\Users\win8\.m2\repository\io\cucumber\cucumber-core\4.8.1\cucumber-core-4.8.1.jar;C:\Users\win8\.m2\repository\io\cucumber\gherkin\5.1.0\gherkin-5.1.0.jar;C:\Users\win8\.m2\repository\io\cucumber\tag-expressions\1.1.1\tag-expressions-1.1.1.jar;C:\Users\win8\.m2\repository\io\cucumber\cucumber-expressions\7.0.2\cucumber-expressions-7.0.2.jar;C:\Users\win8\.m2\repository\io\cucumber\datatable\1.1.14\datatable-1.1.14.jar;C:\Users\win8\.m2\repository\io\cucumber\datatable-dependencies\1.1.14\datatable-dependencies-1.1.14.jar;C:\Users\win8\.m2\repository\junit\junit\4.12\junit-4.12.jar;C:\Users\win8\.m2\repository\org\hamcrest\hamcrest-core\1.3\hamcrest-core-1.3.jar;C:\Users\win8\.m2\repository\io\cucumber\cucumber-java\4.8.1\cucumber-java-4.8.1.jar;"/>
    <property name="java.vm.vendor" value="Oracle Corporation"/>
    <property name="sun.arch.data.model" value="64"/>
    <property name="user.variant" value=""/>
    <property name="java.vendor.url" value="https://java.oracle.com/"/>
    <property name="user.timezone" value="Europe/Berlin"/>
    <property name="user.country.format" value="TR"/>
    <property name="os.name" value="Windows 8.1"/>
    <property name="java.vm.specification.version" value="12"/>
    <property name="sun.java.launcher" value="SUN_STANDARD"/>
    <property name="user.country" value="GB"/>
    <property name="sun.boot.library.path" value="C:\Program Files\Java\jdk-12.0.2\bin"/>
    <property name="sun.java.command" value="C:\Users\win8\AppData\Local\Temp\surefire6443641028244692043\surefirebooter11847139127288929763.jar C:\Users\win8\AppData\Local\Temp\surefire6443641028244692043 2020-01-26T19-06-59_025-jvmRun1 surefire5300921501203186773tmp surefire_012628268558593076505tmp"/>
    <property name="jdk.debug" value="release"/>
    <property name="surefire.test.class.path" value="C:\Users\win8\IdeaProjects\summer-2019-europa-cucumber-seleniım\target\test-classes;C:\Users\win8\IdeaProjects\summer-2019-europa-cucumber-seleniım\target\classes;C:\Users\win8\.m2\repository\org\seleniumhq\selenium\selenium-java\3.141.59\selenium-java-3.141.59.jar;C:\Users\win8\.m2\repository\org\seleniumhq\selenium\selenium-api\3.141.59\selenium-api-3.141.59.jar;C:\Users\win8\.m2\repository\org\seleniumhq\selenium\selenium-chrome-driver\3.141.59\selenium-chrome-driver-3.141.59.jar;C:\Users\win8\.m2\repository\org\seleniumhq\selenium\selenium-edge-driver\3.141.59\selenium-edge-driver-3.141.59.jar;C:\Users\win8\.m2\repository\org\seleniumhq\selenium\selenium-firefox-driver\3.141.59\selenium-firefox-driver-3.141.59.jar;C:\Users\win8\.m2\repository\org\seleniumhq\selenium\selenium-ie-driver\3.141.59\selenium-ie-driver-3.141.59.jar;C:\Users\win8\.m2\repository\org\seleniumhq\selenium\selenium-opera-driver\3.141.59\selenium-opera-driver-3.141.59.jar;C:\Users\win8\.m2\repository\org\seleniumhq\selenium\selenium-remote-driver\3.141.59\selenium-remote-driver-3.141.59.jar;C:\Users\win8\.m2\repository\org\seleniumhq\selenium\selenium-safari-driver\3.141.59\selenium-safari-driver-3.141.59.jar;C:\Users\win8\.m2\repository\org\seleniumhq\selenium\selenium-support\3.141.59\selenium-support-3.141.59.jar;C:\Users\win8\.m2\repository\net\bytebuddy\byte-buddy\1.8.15\byte-buddy-1.8.15.jar;C:\Users\win8\.m2\repository\org\apache\commons\commons-exec\1.3\commons-exec-1.3.jar;C:\Users\win8\.m2\repository\com\google\guava\guava\25.0-jre\guava-25.0-jre.jar;C:\Users\win8\.m2\repository\com\google\code\findbugs\jsr305\1.3.9\jsr305-1.3.9.jar;C:\Users\win8\.m2\repository\org\checkerframework\checker-compat-qual\2.0.0\checker-compat-qual-2.0.0.jar;C:\Users\win8\.m2\repository\com\google\errorprone\error_prone_annotations\2.1.3\error_prone_annotations-2.1.3.jar;C:\Users\win8\.m2\repository\com\google\j2objc\j2objc-annotations\1.1\j2objc-annotations-1.1.jar;C:\Users\win8\.m2\repository\org\codehaus\mojo\animal-sniffer-annotations\1.14\animal-sniffer-annotations-1.14.jar;C:\Users\win8\.m2\repository\com\squareup\okhttp3\okhttp\3.11.0\okhttp-3.11.0.jar;C:\Users\win8\.m2\repository\com\squareup\okio\okio\1.14.0\okio-1.14.0.jar;C:\Users\win8\.m2\repository\io\github\bonigarcia\webdrivermanager\3.8.0\webdrivermanager-3.8.0.jar;C:\Users\win8\.m2\repository\org\slf4j\slf4j-api\1.7.25\slf4j-api-1.7.25.jar;C:\Users\win8\.m2\repository\commons-io\commons-io\2.6\commons-io-2.6.jar;C:\Users\win8\.m2\repository\com\google\code\gson\gson\2.8.5\gson-2.8.5.jar;C:\Users\win8\.m2\repository\org\apache\commons\commons-lang3\3.8.1\commons-lang3-3.8.1.jar;C:\Users\win8\.m2\repository\org\apache\httpcomponents\httpclient\4.5.6\httpclient-4.5.6.jar;C:\Users\win8\.m2\repository\org\apache\httpcomponents\httpcore\4.4.10\httpcore-4.4.10.jar;C:\Users\win8\.m2\repository\commons-logging\commons-logging\1.2\commons-logging-1.2.jar;C:\Users\win8\.m2\repository\commons-codec\commons-codec\1.10\commons-codec-1.10.jar;C:\Users\win8\.m2\repository\org\rauschig\jarchivelib\1.0.0\jarchivelib-1.0.0.jar;C:\Users\win8\.m2\repository\org\apache\commons\commons-compress\1.18\commons-compress-1.18.jar;C:\Users\win8\.m2\repository\org\jsoup\jsoup\1.11.3\jsoup-1.11.3.jar;C:\Users\win8\.m2\repository\io\cucumber\cucumber-junit\4.8.1\cucumber-junit-4.8.1.jar;C:\Users\win8\.m2\repository\org\apiguardian\apiguardian-api\1.1.0\apiguardian-api-1.1.0.jar;C:\Users\win8\.m2\repository\io\cucumber\cucumber-core\4.8.1\cucumber-core-4.8.1.jar;C:\Users\win8\.m2\repository\io\cucumber\gherkin\5.1.0\gherkin-5.1.0.jar;C:\Users\win8\.m2\repository\io\cucumber\tag-expressions\1.1.1\tag-expressions-1.1.1.jar;C:\Users\win8\.m2\repository\io\cucumber\cucumber-expressions\7.0.2\cucumber-expressions-7.0.2.jar;C:\Users\win8\.m2\repository\io\cucumber\datatable\1.1.14\datatable-1.1.14.jar;C:\Users\win8\.m2\repository\io\cucumber\datatable-dependencies\1.1.14\datatable-dependencies-1.1.14.jar;C:\Users\win8\.m2\repository\junit\junit\4.12\junit-4.12.jar;C:\Users\win8\.m2\repository\org\hamcrest\hamcrest-core\1.3\hamcrest-core-1.3.jar;C:\Users\win8\.m2\repository\io\cucumber\cucumber-java\4.8.1\cucumber-java-4.8.1.jar;"/>
    <property name="sun.cpu.endian" value="little"/>
    <property name="user.home" value="C:\Users\win8"/>
    <property name="user.language" value="en"/>
    <property name="java.specification.vendor" value="Oracle Corporation"/>
    <property name="java.version.date" value="2019-07-16"/>
    <property name="java.home" value="C:\Program Files\Java\jdk-12.0.2"/>
    <property name="file.separator" value="\"/>
    <property name="basedir" value="C:\Users\win8\IdeaProjects\summer-2019-europa-cucumber-seleniım"/>
    <property name="java.vm.compressedOopsMode" value="32-bit"/>
    <property name="line.separator" value="&#10;"/>
    <property name="java.vm.specification.vendor" value="Oracle Corporation"/>
    <property name="java.specification.name" value="Java Platform API Specification"/>
    <property name="java.awt.graphicsenv" value="sun.awt.Win32GraphicsEnvironment"/>
    <property name="surefire.real.class.path" value="C:\Users\win8\AppData\Local\Temp\surefire6443641028244692043\surefirebooter11847139127288929763.jar"/>
    <property name="user.script" value=""/>
    <property name="sun.management.compiler" value="HotSpot 64-Bit Tiered Compilers"/>
    <property name="java.runtime.version" value="12.0.2+10"/>
    <property name="user.name" value="win8"/>
    <property name="path.separator" value=";"/>
    <property name="os.version" value="6.3"/>
    <property name="java.runtime.name" value="Java(TM) SE Runtime Environment"/>
    <property name="file.encoding" value="Cp1254"/>
    <property name="browser" value="firefox"/>
    <property name="java.vm.name" value="Java HotSpot(TM) 64-Bit Server VM"/>
    <property name="localRepository" value="C:\Users\win8\.m2\repository"/>
    <property name="java.vendor.url.bug" value="https://bugreport.java.com/bugreport/"/>
    <property name="java.io.tmpdir" value="C:\Users\win8\AppData\Local\Temp\"/>
    <property name="java.version" value="12.0.2"/>
    <property name="user.dir" value="C:\Users\win8\IdeaProjects\summer-2019-europa-cucumber-seleniım"/>
    <property name="os.arch" value="amd64"/>
    <property name="webdriver.gecko.driver" value="C:\Users\win8\.m2\repository\webdriver\geckodriver\win64\0.26.0\geckodriver.exe"/>
    <property name="java.vm.specification.name" value="Java Virtual Machine Specification"/>
    <property name="user.language.format" value="tr"/>
    <property name="sun.os.patch.level" value=""/>
    <property name="java.library.path" value="C:\Program Files\Java\jdk-12.0.2\bin;C:\WINDOWS\Sun\Java\bin;C:\WINDOWS\system32;C:\WINDOWS;C:\Program Files\Broadcom\Broadcom 802.11;C:\Program Files (x86)\NVIDIA Corporation\PhysX\Common;C:\Program Files (x86)\Intel\iCLS Client\;C:\Program Files\Intel\iCLS Client\;C:\WINDOWS\system32;C:\WINDOWS;C:\WINDOWS\System32\Wbem;C:\WINDOWS\System32\WindowsPowerShell\v1.0\;C:\Program Files\Hewlett-Packard\SimplePass\;C:\Program Files\Intel\Intel(R) Management Engine Components\DAL;C:\Program Files\Intel\Intel(R) Management Engine Components\IPT;C:\Program Files (x86)\Intel\Intel(R) Management Engine Components\DAL;C:\Program Files (x86)\Intel\Intel(R) Management Engine Components\IPT;C:\Program Files\Git\cmd;C:\Program Files\Java\jdk-12.0.2\bin;C:\apache-maven-3.6.3\bin;."/>
    <property name="java.vm.info" value="mixed mode, sharing"/>
    <property name="java.vendor" value="Oracle Corporation"/>
    <property name="java.vm.version" value="12.0.2+10"/>
    <property name="sun.io.unicode.encoding" value="UnicodeLittle"/>
    <property name="java.class.version" value="56.0"/>
  </properties>
  <testcase name="Login as a driver" classname="Users should be able to login" time="66.895">
    <failure message="expected:&lt;[Dashboard]&gt; but was:&lt;[Loading...]&gt;" type="org.junit.ComparisonFailure"><![CDATA[org.junit.ComparisonFailure: expected:<[Dashboard]> but was:<[Loading...]>
]]></failure>
    <system-out><![CDATA[	this is coming from BEFORE
Opening the login page
]]></system-out>
    <system-err><![CDATA[SLF4J: Failed to load class "org.slf4j.impl.StaticLoggerBinder".
SLF4J: Defaulting to no-operation (NOP) logger implementation
SLF4J: See http://www.slf4j.org/codes.html#StaticLoggerBinder for further details.
1580062026005	mozrunner::runner	INFO	Running command: "C:\\Program Files\\Mozilla Firefox\\firefox.exe" "-marionette" "-foreground" "-no-remote" "-profile" "C:\\Users\\win8\\AppData\\Local\\Temp\\rust_mozprofile6DuiKQ"
1580062032510	addons.webextension.doh-rollout@mozilla.org	WARN	Loading extension 'doh-rollout@mozilla.org': Reading manifest: Invalid extension permission: networkStatus
1580062032876	addons.webextension.screenshots@mozilla.org	WARN	Loading extension 'screenshots@mozilla.org': Reading manifest: Invalid extension permission: mozillaAddons
1580062032877	addons.webextension.screenshots@mozilla.org	WARN	Loading extension 'screenshots@mozilla.org': Reading manifest: Invalid extension permission: telemetry
1580062032877	addons.webextension.screenshots@mozilla.org	WARN	Loading extension 'screenshots@mozilla.org': Reading manifest: Invalid extension permission: resource://pdf.js/
1580062032877	addons.webextension.screenshots@mozilla.org	WARN	Loading extension 'screenshots@mozilla.org': Reading manifest: Invalid extension permission: about:reader*
JavaScript error: resource://gre/modules/XULStore.jsm, line 66: Error: Can't find profile directory.
console.error: "Could not write session state file " (new Error("_initWorker called too early! Please read the session file from disk first.", "resource:///modules/sessionstore/SessionFile.jsm", 375)) "_initWorker/<@resource:///modules/sessionstore/SessionFile.jsm:375:15\n_initWorker@resource:///modules/sessionstore/SessionFile.jsm:368:12\n_postToWorker@resource:///modules/sessionstore/SessionFile.jsm:410:16\nwrite@resource:///modules/sessionstore/SessionFile.jsm:448:24\nwrite@resource:///modules/sessionstore/SessionFile.jsm:75:32\n_writeState@resource:///modules/sessionstore/SessionSaver.jsm:360:24\n_saveState@resource:///modules/sessionstore/SessionSaver.jsm:294:17\n_saveStateAsync@resource:///modules/sessionstore/SessionSaver.jsm:344:10\nsaveStateAsyncWhenIdle@resource:///modules/sessionstore/SessionSaver.jsm:191:14\ncallback@resource://gre/modules/Timer.jsm:125:16\n"
1580062044344	Marionette	INFO	Listening on port 63503
1580062044538	Marionette	WARN	TLS certificate errors will be ignored for this session
Oca 26, 2020 7:07:24 ÖS org.openqa.selenium.remote.ProtocolHandshake createSession
INFO: Detected dialect: W3C
1580062064602	Marionette	INFO	Stopped listening on port 63503
JavaScript error: https://qa3.vytrack.com/bundles/npmassets/requirejs/require.js?version=e723d063, line 168: Error: Script error for "bootstrap-typeahead", needed by: bootstrap
http://requirejs.org/docs/errors.html#scripterror
JavaScript error: https://qa3.vytrack.com/bundles/npmassets/requirejs/require.js?version=e723d063, line 168: Error: Script error for "components/jquery-ui/ui/widgets/progressbar", needed by: jquery-ui
http://requirejs.org/docs/errors.html#scripterror
JavaScript error: https://qa3.vytrack.com/bundles/npmassets/requirejs/require.js?version=e723d063, line 168: Error: Script error for "oroentity/js/app/models/entity-collection", needed by: oroentity/js/app/models/entitystructures-collection
http://requirejs.org/docs/errors.html#scripterror
JavaScript error: https://qa3.vytrack.com/bundles/npmassets/requirejs/require.js?version=e723d063, line 168: Error: Script error for "bootstrap-tooltip", needed by: bootstrap
http://requirejs.org/docs/errors.html#scripterror
JavaScript error: https://qa3.vytrack.com/bundles/npmassets/requirejs/require.js?version=e723d063, line 168: Error: Script error for "components/jquery-ui/ui/widgets/resizable", needed by: jquery-ui
http://requirejs.org/docs/errors.html#scripterror
JavaScript error: https://qa3.vytrack.com/bundles/npmassets/requirejs/require.js?version=e723d063, line 168: Error: Script error for "components/jquery-ui/ui/widgets/spinner", needed by: jquery-ui
http://requirejs.org/docs/errors.html#scripterror
JavaScript error: https://qa3.vytrack.com/bundles/npmassets/requirejs/require.js?version=e723d063, line 168: Error: Script error for "bootstrap-tab", needed by: bootstrap
http://requirejs.org/docs/errors.html#scripterror
JavaScript error: https://qa3.vytrack.com/bundles/npmassets/requirejs/require.js?version=e723d063, line 168: Error: Script error for "bootstrap-button", needed by: bootstrap
http://requirejs.org/docs/errors.html#scripterror
JavaScript error: https://qa3.vytrack.com/bundles/npmassets/requirejs/require.js?version=e723d063, line 168: Error: Script error for "lightgallery.print", needed by: oroui/js/app/modules/init-lightgallery
http://requirejs.org/docs/errors.html#scripterror
JavaScript error: https://qa3.vytrack.com/bundles/npmassets/requirejs/require.js?version=e723d063, line 168: Error: Script error for "components/jquery-ui/ui/effects/effect-drop", needed by: jquery-ui
http://requirejs.org/docs/errors.html#scripterror
JavaScript error: https://qa3.vytrack.com/bundles/npmassets/requirejs/require.js?version=e723d063, line 168: Error: Script error for "components/jquery-ui/ui/effects/effect-fade", needed by: jquery-ui
http://requirejs.org/docs/errors.html#scripterror
JavaScript error: https://qa3.vytrack.com/bundles/npmassets/requirejs/require.js?version=e723d063, line 168: Error: Script error for "components/jquery-ui/ui/effects/effect-blind", needed by: jquery-ui
http://requirejs.org/docs/errors.html#scripterror
JavaScript error: https://qa3.vytrack.com/bundles/npmassets/requirejs/require.js?version=e723d063, line 168: Error: Script error for "components/jquery-ui/ui/widgets/droppable", needed by: jquery-ui
http://requirejs.org/docs/errors.html#scripterror
JavaScript error: https://qa3.vytrack.com/bundles/npmassets/requirejs/require.js?version=e723d063, line 168: Error: Script error for "components/jquery-ui/ui/widgets/sortable", needed by: jquery-ui
http://requirejs.org/docs/errors.html#scripterror
JavaScript error: https://qa3.vytrack.com/bundles/npmassets/requirejs/require.js?version=e723d063, line 168: Error: Script error for "components/jquery-ui/ui/widgets/accordion", needed by: jquery-ui
http://requirejs.org/docs/errors.html#scripterror
JavaScript error: https://qa3.vytrack.com/bundles/npmassets/requirejs/require.js?version=e723d063, line 168: Error: Script error for "moment-timezone", needed by: orolocale/js/extend/moment-timezone
http://requirejs.org/docs/errors.html#scripterror
JavaScript error: https://qa3.vytrack.com/bundles/npmassets/requirejs/require.js?version=e723d063, line 168: Error: Script error for "bootstrap-scrollspy", needed by: bootstrap
http://requirejs.org/docs/errors.html#scripterror
JavaScript error: https://qa3.vytrack.com/bundles/npmassets/requirejs/require.js?version=e723d063, line 168: Error: Script error for "components/jquery-ui/ui/widgets/slider", needed by: jquery-ui
http://requirejs.org/docs/errors.html#scripterror
JavaScript error: https://qa3.vytrack.com/bundles/npmassets/requirejs/require.js?version=e723d063, line 168: Error: Script error for "components/jquery-ui/ui/effects/effect-fold", needed by: jquery-ui
http://requirejs.org/docs/errors.html#scripterror
JavaScript error: https://qa3.vytrack.com/bundles/npmassets/requirejs/require.js?version=e723d063, line 168: Error: Script error for "components/jquery-ui/ui/effects/effect-highlight", needed by: jquery-ui
http://requirejs.org/docs/errors.html#scripterror
JavaScript error: https://qa3.vytrack.com/bundles/npmassets/requirejs/require.js?version=e723d063, line 168: Error: Script error for "components/jquery-ui/ui/position", needed by: jquery-ui
http://requirejs.org/docs/errors.html#scripterror
JavaScript error: https://qa3.vytrack.com/bundles/npmassets/requirejs/require.js?version=e723d063, line 168: Error: Script error for "bootstrap-carousel", needed by: bootstrap
http://requirejs.org/docs/errors.html#scripterror
JavaScript error: https://qa3.vytrack.com/bundles/npmassets/requirejs/require.js?version=e723d063, line 168: Error: Script error for "components/jquery-ui/ui/widget", needed by: jquery-ui
http://requirejs.org/docs/errors.html#scripterror
JavaScript error: https://qa3.vytrack.com/bundles/npmassets/requirejs/require.js?version=e723d063, line 168: Error: Script error for "components/jquery-ui/ui/widgets/draggable", needed by: jquery-ui
http://requirejs.org/docs/errors.html#scripterror
JavaScript error: https://qa3.vytrack.com/bundles/npmassets/requirejs/require.js?version=e723d063, line 168: Error: Script error for "jquery.select2", needed by: oroui/js/extend/select2
http://requirejs.org/docs/errors.html#scripterror
JavaScript error: https://qa3.vytrack.com/bundles/npmassets/requirejs/require.js?version=e723d063, line 168: Error: Script error for "components/jquery-ui/ui/effects/effect-scale", needed by: jquery-ui
http://requirejs.org/docs/errors.html#scripterror
JavaScript error: https://qa3.vytrack.com/bundles/npmassets/requirejs/require.js?version=e723d063, line 168: Error: Script error for "components/jquery-ui/ui/effects/effect-clip", needed by: jquery-ui
http://requirejs.org/docs/errors.html#scripterror
JavaScript error: https://qa3.vytrack.com/bundles/npmassets/requirejs/require.js?version=e723d063, line 168: Error: Script error for "oroui/js/select2-l10n", needed by: oroui/js/extend/select2
http://requirejs.org/docs/errors.html#scripterror
JavaScript error: https://qa3.vytrack.com/bundles/npmassets/requirejs/require.js?version=e723d063, line 168: Error: Script error for "oroui/js/app/components/base/component", needed by: oroui/js/app/components/component-manager
http://requirejs.org/docs/errors.html#scripterror
JavaScript error: https://qa3.vytrack.com/bundles/npmassets/requirejs/require.js?version=e723d063, line 168: Error: Script error for "components/jquery-ui/ui/effects/effect-slide", needed by: jquery-ui
http://requirejs.org/docs/errors.html#scripterror
JavaScript error: https://qa3.vytrack.com/bundles/npmassets/requirejs/require.js?version=e723d063, line 168: Error: Script error for "bootstrap-transition", needed by: bootstrap
http://requirejs.org/docs/errors.html#scripterror
JavaScript error: https://qa3.vytrack.com/bundles/npmassets/requirejs/require.js?version=e723d063, line 168: Error: Script error for "bootstrap-collapse", needed by: bootstrap
http://requirejs.org/docs/errors.html#scripterror
JavaScript error: https://qa3.vytrack.com/bundles/npmassets/requirejs/require.js?version=e723d063, line 168: Error: Script error for "components/jquery-ui/ui/widgets/tabs", needed by: jquery-ui
http://requirejs.org/docs/errors.html#scripterror
JavaScript error: https://qa3.vytrack.com/bundles/npmassets/requirejs/require.js?version=e723d063, line 168: Error: Script error for "bootstrap-alert", needed by: bootstrap
http://requirejs.org/docs/errors.html#scripterror
JavaScript error: https://qa3.vytrack.com/bundles/npmassets/requirejs/require.js?version=e723d063, line 168: Error: Script error for "oroui/js/app/models/base/model", needed by: oroui/js/app/models/base/collection
http://requirejs.org/docs/errors.html#scripterror
JavaScript error: https://qa3.vytrack.com/bundles/npmassets/requirejs/require.js?version=e723d063, line 168: Error: Script error for "components/jquery-ui/ui/widgets/selectable", needed by: jquery-ui
http://requirejs.org/docs/errors.html#scripterror
JavaScript error: https://qa3.vytrack.com/bundles/npmassets/requirejs/require.js?version=e723d063, line 168: Error: Script error for "components/jquery-ui/ui/effects/effect-pulsate", needed by: jquery-ui
http://requirejs.org/docs/errors.html#scripterror
JavaScript error: https://qa3.vytrack.com/bundles/npmassets/requirejs/require.js?version=e723d063, line 168: Error: Script error for "components/jquery-ui/ui/widgets/mouse", needed by: jquery-ui
http://requirejs.org/docs/errors.html#scripterror
JavaScript error: https://qa3.vytrack.com/bundles/npmassets/requirejs/require.js?version=e723d063, line 168: Error: Script error for "components/jquery-ui/ui/effects/effect-transfer", needed by: jquery-ui
http://requirejs.org/docs/errors.html#scripterror
JavaScript error: https://qa3.vytrack.com/bundles/npmassets/requirejs/require.js?version=e723d063, line 168: Error: Script error for "components/jquery-ui/ui/widgets/button", needed by: jquery-ui
http://requirejs.org/docs/errors.html#scripterror
JavaScript error: https://qa3.vytrack.com/bundles/npmassets/requirejs/require.js?version=e723d063, line 168: Error: Script error for "oroui/js/app/models/sync-machine-proxy-cache", needed by: oroentity/js/app/models/entitystructures-collection
http://requirejs.org/docs/errors.html#scripterror
JavaScript error: https://qa3.vytrack.com/bundles/npmassets/requirejs/require.js?version=e723d063, line 168: Error: Script error for "bootstrap-dropdown", needed by: bootstrap
http://requirejs.org/docs/errors.html#scripterror
JavaScript error: https://qa3.vytrack.com/bundles/npmassets/requirejs/require.js?version=e723d063, line 168: Error: Script error for "components/jquery-ui/ui/effects/effect-shake", needed by: jquery-ui
http://requirejs.org/docs/errors.html#scripterror
JavaScript error: https://qa3.vytrack.com/bundles/npmassets/requirejs/require.js?version=e723d063, line 168: Error: Script error for "components/jquery-ui/ui/widgets/dialog", needed by: jquery-ui
http://requirejs.org/docs/errors.html#scripterror
JavaScript error: https://qa3.vytrack.com/bundles/npmassets/requirejs/require.js?version=e723d063, line 168: Error: Script error for "components/jquery-ui/ui/widgets/autocomplete", needed by: jquery-ui
http://requirejs.org/docs/errors.html#scripterror
JavaScript error: https://qa3.vytrack.com/bundles/npmassets/requirejs/require.js?version=e723d063, line 168: Error: Script error for "components/jquery-ui/ui/effects/effect-size", needed by: jquery-ui
http://requirejs.org/docs/errors.html#scripterror
JavaScript error: https://qa3.vytrack.com/bundles/npmassets/requirejs/require.js?version=e723d063, line 168: Error: Script error for "components/jquery-ui/ui/effect", needed by: jquery-ui
http://requirejs.org/docs/errors.html#scripterror
JavaScript error: https://qa3.vytrack.com/bundles/npmassets/requirejs/require.js?version=e723d063, line 168: Error: Script error for "components/jquery-ui/ui/widgets/datepicker", needed by: jquery-ui
http://requirejs.org/docs/errors.html#scripterror
JavaScript error: https://qa3.vytrack.com/bundles/npmassets/requirejs/require.js?version=e723d063, line 168: Error: Script error for "components/jquery-ui/ui/widgets/menu", needed by: jquery-ui
http://requirejs.org/docs/errors.html#scripterror
JavaScript error: https://qa3.vytrack.com/bundles/npmassets/requirejs/require.js?version=e723d063, line 168: Error: Script error for "bootstrap-affix", needed by: bootstrap
http://requirejs.org/docs/errors.html#scripterror
JavaScript error: https://qa3.vytrack.com/bundles/npmassets/requirejs/require.js?version=e723d063, line 168: Error: Script error for "components/jquery-ui/ui/effects/effect-explode", needed by: jquery-ui
http://requirejs.org/docs/errors.html#scripterror
JavaScript error: https://qa3.vytrack.com/bundles/npmassets/requirejs/require.js?version=e723d063, line 168: Error: Script error for "bootstrap-modal", needed by: bootstrap
http://requirejs.org/docs/errors.html#scripterror
JavaScript error: https://qa3.vytrack.com/bundles/npmassets/requirejs/require.js?version=e723d063, line 168: Error: Script error for "components/jquery-ui/ui/effects/effect-bounce", needed by: jquery-ui
http://requirejs.org/docs/errors.html#scripterror
JavaScript error: https://qa3.vytrack.com/bundles/npmassets/requirejs/require.js?version=e723d063, line 168: Error: Script error for "oroui/js/app/services/registry/registry", needed by: oroui/js/app/services/registry
http://requirejs.org/docs/errors.html#scripterror

###!!! [Child][MessageChannel] Error: (msgtype=0x370126,name=PContent::Msg_ScriptError) Channel closing: too late to send/recv, messages will be lost

[Child 5568,
###!!! [Child][MessageChannel] Error: (msgtype=0x370126,name=PContent::Msg_ScriptError) Channel closing: too late to send/recv, messages will be lost

 Chrome_Chil
###!!! [Child][MessageChannel] Error: (msgtype=0x370126,name=PContent::Msg_ScriptError) Channel closing: too late to send/recv, messages will be lost

dThread] WARNING: pipe error: 232: file z:/task_1579288126/build/src/ipc/chromium/src/chrome/common/ipc_chan
###!!! [Child][MessageChannel] Error: (msgtype=0x370126,name=PContent::Msg_ScriptError) Channel closing: too late to send/recv, messages will be lost

nel_win.
###!!! [Child][MessageChannel] Error: (msgtype=0x370126,name=PContent::Msg_ScriptError) Channel closing: too late to send/recv, messages will be lost

cc, line 507

###!!! [Child][RunMessage] Error: Channel closing: too late to send/recv, messages will be lost


###!!! [Child][RunMessage] Error: Channel closing: too late to send/recv, messages will be lost


###!!! [Child][RunMessage] Error: Channel closing: too late to send/recv, messages will be lost


###!!! [Child][MessageChannel] Error: (msgtype=0x370126,name=PContent::Msg_ScriptError) Channel closing: too late to send/recv, messages will be lost


###!!! [Child][MessageChannel] Error: (msgtype=0x370126,name=PContent::Msg_ScriptError) Channel closing: too late to send/recv, messages will be lost


###!!! [Child][RunMessage] Error: Channel closing: too late to send/recv, messages will be lost


###!!! [Child][MessageChannel] Error: (msgtype=0x370126,name=PContent::Msg_ScriptError) Channel closing: too late to send/recv, messages will be lost


###!!! [Child][MessageChannel] Error: (msgtype=0x370126,name=PContent::Msg_ScriptError) Channel closing: too late to send/recv, messages will be lost


###!!! [Child][RunMessage] Error: Channel closing: too late to send/recv, messages will be lost


###!!! [Child][MessageChannel] Error: (msgtype=0x370126,name=PContent::Msg_ScriptError) Channel closing: too late to send/recv, messages will be lost


###!!! [Child][MessageChannel] Error: (msgtype=0x370126,name=PContent::Msg_ScriptError) Channel closing: too late to send/recv, messages will be lost


###!!! [Child][RunMessage] Error: Channel closing: too late to send/recv, messages will be lost


###!!! [Child][MessageChannel] Error: (msgtype=0x370126,name=PContent::Msg_ScriptError) Channel closing: too late to send/recv, messages will be lost


###!!! [Child][MessageChannel] Error: (msgtype=0x370126,name=PContent::Msg_ScriptError) Channel closing: too late to send/recv, messages will be lost


###!!! [Child][RunMessage] Error: Channel closing: too late to send/recv, messages will be lost


###!!! [Child][MessageChannel] Error: (msgtype=0x370126,name=PContent::Msg_ScriptError) Channel closing: too late to send/recv, messages will be lost


###!!! [Child][MessageChannel] Error: (msgtype=0x370126,name=PContent::Msg_ScriptError) Channel closing: too late to send/recv, messages will be lost


###!!! [Child][RunMessage] Error: Channel closing: too late to send/recv, messages will be lost


###!!! [Child][MessageChannel] Error: (msgtype=0x370126,name=PContent::Msg_ScriptError) Channel closing: too late to send/recv, messages will be lost


###!!! [Child][MessageChannel] Error: (msgtype=0x370126,name=PContent::Msg_ScriptError) Channel closing: too late to send/recv, messages will be lost


###!!! [Child][RunMessage] Error: Channel closing: too late to send/recv, messages will be lost


###!!! [Child][MessageChannel] Error: (msgtype=0x370126,name=PContent::Msg_ScriptError) Channel closing: too late to send/recv, messages will be lost


###!!! [Child][MessageChannel] Error: (msgtype=0x370126,name=PContent::Msg_ScriptError) Channel closing: too late to send/recv, messages will be lost


###!!! [Child][RunMessage] Error: Channel closing: too late to send/recv, messages will be lost


###!!! [Child][MessageChannel] Error: (msgtype=0x370126,name=PContent::Msg_ScriptError) Channel closing: too late to send/recv, messages will be lost


###!!! [Child][MessageChannel] Error: (msgtype=0x370126,name=PContent::Msg_ScriptError) Channel closing: too late to send/recv, messages will be lost


###!!! [Child][RunMessage] Error: Channel closing: too late to send/recv, messages will be lost


###!!! [Child][MessageChannel] Error: (msgtype=0x370126,name=PContent::Msg_ScriptError) Channel closing: too late to send/recv, messages will be lost


###!!! [Child][MessageChannel] Error: (msgtype=0x370126,name=PContent::Msg_ScriptError) Channel closing: too late to send/recv, messages will be lost


###!!! [Child][RunMessage] Error: Channel closing: too late to send/recv, messages will be lost


###!!! [Child][MessageChannel] Error: (msgtype=0x370126,name=PContent::Msg_ScriptError) Channel closing: too late to send/recv, messages will be lost


###!!! [Child][RunMessage] Error: Channel closing: too late to send/recv, messages will be lost


###!!! [Child][MessageChannel] Error: (msgtype=0x370126,name=PContent::Msg_ScriptError) Channel closing: too late to send/recv, messages will be lost


###!!! [Child][MessageChannel] Error: (msgtype=0x370126,name=PContent::Msg_ScriptError) Channel closing: too late to send/recv, messages will be lost


###!!! [Child][RunMessage] Error: Channel closing: too late to send/recv, messages will be lost


###!!! [Child][MessageChannel] Error: (msgtype=0x370126,name=PContent::Msg_ScriptError) Channel closing: too late to send/recv, messages will be lost


###!!! [Child][MessageChannel] Error: (msgtype=0x370126,name=PContent::Msg_ScriptError) Channel closing: too late to send/recv, messages will be lost


###!!! [Child][RunMessage] Error: Channel closing: too late to send/recv, messages will be lost


###!!! [Child][MessageChannel] Error: (msgtype=0x370126,name=PContent::Msg_ScriptError) Channel closing: too late to send/recv, messages will be lost


###!!! [Child][MessageChannel] Error: (msgtype=0x370126,name=PContent::Msg_ScriptError) Channel closing: too late to send/recv, messages will be lost


###!!! [Child][RunMessage] Error: Channel closing: too late to send/recv, messages will be lost


###!!! [Child][MessageChannel] Error: (msgtype=0x370126,name=PContent::Msg_ScriptError) Channel closing: too late to send/recv, messages will be lost


###!!! [Child][MessageChannel] Error: (msgtype=0x370126,name=PContent::Msg_ScriptError) Channel closing: too late to send/recv, messages will be lost


###!!! [Child][MessageChannel] Error: (msgtype=0x370126,name=PContent::Msg_ScriptError) Channel closing: too late to send/recv, messages will be lost


###!!! [Child][RunMessage] Error: Channel closing: too late to send/recv, messages will be lost


###!!! [Child][MessageChannel] Error: (msgtype=0x370126,name=PContent::Msg_ScriptError) Channel closing: too late to send/recv, messages will be lost


###!!! [Child][RunMessage] Error: Channel closing: too late to send/recv, messages will be lost


###!!! [Child][MessageChannel] Error: (msgtype=0x370126,name=PContent::Msg_ScriptError) Channel closing: too late to send/recv, messages will be lost


###!!! [Child][MessageChannel] Error: (msgtype=0x370126,name=PContent::Msg_ScriptError) Channel closing: too late to send/recv, messages will be lost


###!!! [Child][RunMessage] Error: Channel closing: too late to send/recv, messages will be lost


###!!! [Child][MessageChannel] Error: (msgtype=0x370126,name=PContent::Msg_ScriptError) Channel closing: too late to send/recv, messages will be lost


###!!! [Child][MessageChannel] Error: (msgtype=0x370126,name=PContent::Msg_ScriptError) Channel closing: too late to send/recv, messages will be lost


###!!! [Child][MessageChannel] Error: (msgtype=0x370126,name=PContent::Msg_ScriptError) Channel closing: too late to send/recv, messages will be lost


###!!! [Child][RunMessage] Error: Channel closing: too late to send/recv, messages will be lost


###!!! [Child][MessageChannel] Error: (msgtype=0x370126,name=PContent::Msg_ScriptError) Channel closing: too late to send/recv, messages will be lost


###!!! [Child][MessageChannel] Error: (msgtype=0x370126,name=PContent::Msg_ScriptError) Channel closing: too late to send/recv, messages will be lost


###!!! [Child][RunMessage] Error: Channel closing: too late to send/recv, messages will be lost


###!!! [Child][MessageChannel] Error: (msgtype=0x370126,name=PContent::Msg_ScriptError) Channel closing: too late to send/recv, messages will be lost


###!!! [Child][RunMessage] Error: Channel closing: too late to send/recv, messages will be lost


###!!! [Child][MessageChannel] Error: (msgtype=0x370126,name=PContent::Msg_ScriptError) Channel closing: too late to send/recv, messages will be lost


###!!! [Child][MessageChannel] Error: (msgtype=0x370126,name=PContent::Msg_ScriptError) Channel closing: too late to send/recv, messages will be lost


###!!! [Child][MessageChannel] Error: (msgtype=0x370126,name=PContent::Msg_ScriptError) Channel closing: too late to send/recv, messages will be lost


###!!! [Child][RunMessage] Error: Channel closing: too late to send/recv, messages will be lost


###!!! [Child][MessageChannel] Error: (msgtype=0x370126,name=PContent::Msg_ScriptError) Channel closing: too late to send/recv, messages will be lost


###!!! [Child][MessageChannel] Error: (msgtype=0x370126,name=PContent::Msg_ScriptError) Channel closing: too late to send/recv, messages will be lost


###!!! [Child][RunMessage] Error: Channel closing: too late to send/recv, messages will be lost


###!!! [Child][MessageChannel] Error: (msgtype=0x370126,name=PContent::Msg_ScriptError) Channel closing: too late to send/recv, messages will be lost


###!!! [Child][RunMessage] Error: Channel closing: too late to send/recv, messages will be lost


###!!! [Child][MessageChannel] Error: (msgtype=0x370126,name=PContent::Msg_ScriptError) Channel closing: too late to send/recv, messages will be lost


###!!! [Child][MessageChannel] Error: (msgtype=0x370126,name=PContent::Msg_ScriptError) Channel closing: too late to send/recv, messages will be lost


###!!! [Child][MessageChannel] Error: (msgtype=0x370126,name=PContent::Msg_ScriptError) Channel closing: too late to send/recv, messages will be lost


###!!! [Child][RunMessage] Error: Channel closing: too late to send/recv, messages will be lost


###!!! [Child][MessageChannel] Error: (msgtype=0x370126,name=PContent::Msg_ScriptError) Channel closing: too late to send/recv, messages will be lost


###!!! [Child][MessageChannel] Error: (msgtype=0x370126,name=PContent::Msg_ScriptError) Channel closing: too late to send/recv, messages will be lost


###!!! [Child][RunMessage] Error: Channel closing: too late to send/recv, messages will be lost


###!!! [Child][MessageChannel] Error: (msgtype=0x370126,name=PContent::Msg_ScriptError) Channel closing: too late to send/recv, messages will be lost


###!!! [Child][MessageChannel] Error: (msgtype=0x370126,name=PContent::Msg_ScriptError) Channel closing: too late to send/recv, messages will be lost


###!!! [Child][RunMessage] Error: Channel closing: too late to send/recv, messages will be lost


###!!! [Child][MessageChannel] Error: (msgtype=0x370126,name=PContent::Msg_ScriptError) Channel closing: too late to send/recv, messages will be lost


###!!! [Child][RunMessage] Error: Channel closing: too late to send/recv, messages will be lost


###!!! [Child][MessageChannel] Error: (msgtype=0x370126,name=PContent::Msg_ScriptError) Channel closing: too late to send/recv, messages will be lost


###!!! [Child][RunMessage] Error: Channel closing: too late to send/recv, messages will be lost


###!!! [Child][MessageChannel] Error: (msgtype=0x370126,name=PContent::Msg_ScriptError) Channel closing: too late to send/recv, messages will be lost


###!!! [Child][MessageChannel] Error: (msgtype=0x370126,name=PContent::Msg_ScriptError) Channel closing: too late to send/recv, messages will be lost


###!!! [Child][RunMessage] Error: Channel closing: too late to send/recv, messages will be lost


###!!! [Child][MessageChannel] Error: (msgtype=0x370126,name=PContent::Msg_ScriptError) Channel closing: too late to send/recv, messages will be lost


###!!! [Child][MessageChannel] Error: (msgtype=0x370126,name=PContent::Msg_ScriptError) Channel closing: too late to send/recv, messages will be lost


###!!! [Child][RunMessage] Error: Channel closing: too late to send/recv, messages will be lost


###!!! [Child][MessageChannel] Error: (msgtype=0x370126,name=PContent::Msg_ScriptError) Channel closing: too late to send/recv, messages will be lost


###!!! [Child][RunMessage] Error: Channel closing: too late to send/recv, messages will be lost


###!!! [Child][MessageChannel] Error: (msgtype=0x370126,name=PContent::Msg_ScriptError) Channel closing: too late to send/recv, messages will be lost


###!!! [Child][MessageChannel] Error: (msgtype=0x370126,name=PContent::Msg_ScriptError) Channel closing: too late to send/recv, messages will be lost


###!!! [Child][MessageChannel] Error: (msgtype=0x370126,name=PContent::Msg_ScriptError) Channel closing: too late to send/recv, messages will be lost


###!!! [Child][RunMessage] Error: Channel closing: too late to send/recv, messages will be lost


###!!! [Child][MessageChannel] Error: (msgtype=0x370126,name=PContent::Msg_ScriptError) Channel closing: too late to send/recv, messages will be lost


###!!! [Child][RunMessage] Error: Channel closing: too late to send/recv, messages will be lost


###!!! [Child][MessageChannel] Error: (msgtype=0x370126,name=PContent::Msg_ScriptError) Channel closing: too late to send/recv, messages will be lost


###!!! [Child][MessageChannel] Error: (msgtype=0x370126,name=PContent::Msg_ScriptError) Channel closing: too late to send/recv, messages will be lost


###!!! [Child][MessageChannel] Error: (msgtype=0x370126,name=PContent::Msg_ScriptError) Channel closing: too late to send/recv, messages will be lost


###!!! [Child][RunMessage] Error: Channel closing: too late to send/recv, messages will be lost


###!!! [Child][MessageChannel] Error: (msgtype=0x370126,name=PContent::Msg_ScriptError) Channel closing: too late to send/recv, messages will be lost


###!!! [Child][MessageChannel] Error: (msgtype=0x370126,name=PContent::Msg_ScriptError) Channel closing: too late to send/recv, messages will be lost


###!!! [Child][RunMessage] Error: Channel closing: too late to send/recv, messages will be lost


###!!! [Child][MessageChannel] Error: (msgtype=0x370126,name=PContent::Msg_ScriptError) Channel closing: too late to send/recv, messages will be lost


###!!! [Child][MessageChannel] Error: (msgtype=0x370126,name=PContent::Msg_ScriptError) Channel closing: too late to send/recv, messages will be lost


###!!! [Child][RunMessage] Error: Channel closing: too late to send/recv, messages will be lost


###!!! [Child][MessageChannel] Error: (msgtype=0x370126,name=PContent::Msg_ScriptError) Channel closing: too late to send/recv, messages will be lost


###!!! [Child][RunMessage] Error: Channel closing: too late to send/recv, messages will be lost


###!!! [Child][MessageChannel] Error: (msgtype=0x370126,name=PContent::Msg_ScriptError) Channel closing: too late to send/recv, messages will be lost


###!!! [Child][MessageChannel] Error: (msgtype=0x370126,name=PContent::Msg_ScriptError) Channel closing: too late to send/recv, messages will be lost


###!!! [Child][RunMessage] Error: Channel closing: too late to send/recv, messages will be lost


###!!! [Child][MessageChannel] Error: (msgtype=0x370126,name=PContent::Msg_ScriptError) Channel closing: too late to send/recv, messages will be lost


###!!! [Child][MessageChannel] Error: (msgtype=0x370126,name=PContent::Msg_ScriptError) Channel closing: too late to send/recv, messages will be lost


###!!! [Child][RunMessage] Error: Channel closing: too late to send/recv, messages will be lost


###!!! [Child][MessageChannel] Error: (msgtype=0x370126,name=PContent::Msg_ScriptError) Channel closing: too late to send/recv, messages will be lost


###!!! [Child][RunMessage] Error: Channel closing: too late to send/recv, messages will be lost


###!!! [Child][MessageChannel] Error: (msgtype=0x370126,name=PContent::Msg_ScriptError) Channel closing: too late to send/recv, messages will be lost


###!!! [Child][MessageChannel] Error: (msgtype=0x370126,name=PContent::Msg_ScriptError) Channel closing: too late to send/recv, messages will be lost


###!!! [Child][RunMessage] Error: Channel closing: too late to send/recv, messages will be lost


###!!! [Child][MessageChannel] Error: (msgtype=0x370126,name=PContent::Msg_ScriptError) Channel closing: too late to send/recv, messages will be lost


###!!! [Child][MessageChannel] Error: (msgtype=0x370126,name=PContent::Msg_ScriptError) Channel closing: too late to send/recv, messages will be lost


###!!! [Child][RunMessage] Error: Channel closing: too late to send/recv, messages will be lost


###!!! [Child][MessageChannel] Error: (msgtype=0x370126,name=PContent::Msg_ScriptError) Channel closing: too late to send/recv, messages will be lost


###!!! [Child][RunMessage] Error: Channel closing: too late to send/recv, messages will be lost

JavaScript error: resource://gre/modules/UrlClassifierListManager.jsm, line 680: TypeError: this.tablesData[table] is undefined
console.error: (new Error("SessionFile is closed", "resource:///modules/sessionstore/SessionFile.jsm", 433))

###!!! [Child][RunMessage] Error: Channel closing: too late to send/recv, messages will be lost


###!!! [Child][MessageChannel::SendAndWait] Error: Channel error: cannot send/recv

]]></system-err>
  </testcase>
  <testcase name="Login as a sales manager" classname="Users should be able to login" time="47.393">
    <failure message="expected:&lt;[Dashboard]&gt; but was:&lt;[Loading...]&gt;" type="org.junit.ComparisonFailure"><![CDATA[org.junit.ComparisonFailure: expected:<[Dashboard]> but was:<[Loading...]>
]]></failure>
    <system-out><![CDATA[	CONNECTION DATABASE
	this is coming from BEFORE
Opening the login page
	CLOSING DATABASE CONNECTION
]]></system-out>
    <system-err><![CDATA[1580062089733	mozrunner::runner	INFO	Running command: "C:\\Program Files\\Mozilla Firefox\\firefox.exe" "-marionette" "-foreground" "-no-remote" "-profile" "C:\\Users\\win8\\AppData\\Local\\Temp\\rust_mozprofile5YdWvY"
1580062092755	addons.webextension.doh-rollout@mozilla.org	WARN	Loading extension 'doh-rollout@mozilla.org': Reading manifest: Invalid extension permission: networkStatus
1580062093231	addons.webextension.screenshots@mozilla.org	WARN	Loading extension 'screenshots@mozilla.org': Reading manifest: Invalid extension permission: mozillaAddons
1580062093231	addons.webextension.screenshots@mozilla.org	WARN	Loading extension 'screenshots@mozilla.org': Reading manifest: Invalid extension permission: telemetry
1580062093231	addons.webextension.screenshots@mozilla.org	WARN	Loading extension 'screenshots@mozilla.org': Reading manifest: Invalid extension permission: resource://pdf.js/
1580062093231	addons.webextension.screenshots@mozilla.org	WARN	Loading extension 'screenshots@mozilla.org': Reading manifest: Invalid extension permission: about:reader*
JavaScript error: resource://gre/modules/XULStore.jsm, line 66: Error: Can't find profile directory.
1580062098902	Marionette	INFO	Listening on port 63638
1580062099056	Marionette	WARN	TLS certificate errors will be ignored for this session
Oca 26, 2020 7:08:19 ÖS org.openqa.selenium.remote.ProtocolHandshake createSession
INFO: Detected dialect: W3C
1580062111377	Marionette	INFO	Stopped listening on port 63638
JavaScript error: https://qa3.vytrack.com/bundles/npmassets/requirejs/require.js?version=e723d063, line 168: Error: Script error for "jquery.dialog.extended", needed by: oro/dialog-widget
http://requirejs.org/docs/errors.html#scripterror
JavaScript error: resource://gre/modules/UrlClassifierListManager.jsm, line 680: TypeError: this.tablesData[table] is undefined
console.error: (new Error("SessionFile is closed", "resource:///modules/sessionstore/SessionFile.jsm", 433))

###!!! [Child][RunMessage] Error: Channel closing: too late to send/recv, messages will be lost


###!!! [Child][MessageChannel::SendAndWait] Error: Channel error: cannot send/recv

]]></system-err>
  </testcase>
  <testcase name="Login as a store manager" classname="Users should be able to login" time="26.278"/>
</testsuite>